mode: set
github.com/Munirkhuja/wallet/pkg/wallet/service.go:20.77,21.35 1 1
github.com/Munirkhuja/wallet/pkg/wallet/service.go:26.2,26.31 1 1
github.com/Munirkhuja/wallet/pkg/wallet/service.go:21.35,22.28 1 1
github.com/Munirkhuja/wallet/pkg/wallet/service.go:22.28,24.4 1 1
github.com/Munirkhuja/wallet/pkg/wallet/service.go:28.75,29.35 1 1
github.com/Munirkhuja/wallet/pkg/wallet/service.go:34.2,41.20 4 1
github.com/Munirkhuja/wallet/pkg/wallet/service.go:29.35,30.27 1 1
github.com/Munirkhuja/wallet/pkg/wallet/service.go:30.27,32.4 1 1
github.com/Munirkhuja/wallet/pkg/wallet/service.go:43.67,44.15 1 1
github.com/Munirkhuja/wallet/pkg/wallet/service.go:47.2,48.18 2 1
github.com/Munirkhuja/wallet/pkg/wallet/service.go:51.2,52.12 2 1
github.com/Munirkhuja/wallet/pkg/wallet/service.go:44.15,46.3 1 1
github.com/Munirkhuja/wallet/pkg/wallet/service.go:48.18,50.3 1 1
github.com/Munirkhuja/wallet/pkg/wallet/service.go:55.111,56.15 1 1
github.com/Munirkhuja/wallet/pkg/wallet/service.go:59.2,60.18 2 1
github.com/Munirkhuja/wallet/pkg/wallet/service.go:63.2,63.28 1 1
github.com/Munirkhuja/wallet/pkg/wallet/service.go:66.2,76.20 5 1
github.com/Munirkhuja/wallet/pkg/wallet/service.go:56.15,58.3 1 0
github.com/Munirkhuja/wallet/pkg/wallet/service.go:60.18,62.3 1 0
github.com/Munirkhuja/wallet/pkg/wallet/service.go:63.28,65.3 1 0
github.com/Munirkhuja/wallet/pkg/wallet/service.go:78.50,80.14 2 1
github.com/Munirkhuja/wallet/pkg/wallet/service.go:91.2,91.12 1 1
github.com/Munirkhuja/wallet/pkg/wallet/service.go:80.14,81.46 1 1
github.com/Munirkhuja/wallet/pkg/wallet/service.go:84.3,85.19 2 1
github.com/Munirkhuja/wallet/pkg/wallet/service.go:88.3,89.41 2 1
github.com/Munirkhuja/wallet/pkg/wallet/service.go:81.46,83.4 1 1
github.com/Munirkhuja/wallet/pkg/wallet/service.go:85.19,87.4 1 1
github.com/Munirkhuja/wallet/pkg/wallet/service.go:93.76,94.35 1 1
github.com/Munirkhuja/wallet/pkg/wallet/service.go:99.2,99.31 1 1
github.com/Munirkhuja/wallet/pkg/wallet/service.go:94.35,95.28 1 1
github.com/Munirkhuja/wallet/pkg/wallet/service.go:95.28,97.4 1 1
